FILEREAD_OK              |                  | 0                   |                     |
> token dump:
0), mov
1), cx
2), 0
3), push
4), cx
5), call
6), main
7), out
8), halt
9), main:
10), in
11), pop
12), [cx+0]
13), push
14), [cx+0]
15), out_i
16), push
17), 0.000000
18), pop
19), ax
20), pop
21), cx
22), push
23), ax
24), ret
25), mov
26), [cx+0]
27), 0
dump ended
CMD_PUSHED_IN_BYTECODE   | 0x02             | 2                   |                     |
NUMBER_PUSHED_IN_BYTECODE| 0                | 3                   |                     |
CMD_PUSHED_IN_BYTECODE   | 0x02             | 13                  |                     |
NUMBER_PUSHED_IN_BYTECODE| 2180             | 14                  |                     |
NUMBER_PUSHED_IN_BYTECODE| 0                | 16                  |                     |
CMD_PUSHED_IN_BYTECODE   | 0x07             | 20                  |                     |
CMD_PUSHED_IN_BYTECODE   | 0x0F             | 21                  |                     |
LABEL_INSERTED           | main             | 0                   |                     |
CMD_PUSHED_IN_BYTECODE   | 0x06             | 22                  |                     |
CMD_PUSHED_IN_BYTECODE   | 0x02             | 25                  |                     |
NUMBER_PUSHED_IN_BYTECODE| 0                | 26                  |                     |
CMD_PUSHED_IN_BYTECODE   | 0x02             | 32                  |                     |
NUMBER_PUSHED_IN_BYTECODE| 0                | 33                  |                     |
CMD_PUSHED_IN_BYTECODE   | 0x19             | 37                  |                     |
NUMBER_PUSHED_IN_BYTECODE| 0                | 40                  |                     |
CMD_PUSHED_IN_BYTECODE   | 0x00             | 50                  |                     |
CMD_PUSHED_IN_BYTECODE   | 0x02             | 53                  |                     |
CMD_PUSHED_IN_BYTECODE   | 0x00             | 56                  |                     |
CMD_PUSHED_IN_BYTECODE   | 0x09             | 57                  |                     |
CMD_PUSHED_IN_BYTECODE   | 0x02             | 60                  |                     |
NUMBER_PUSHED_IN_BYTECODE| 0                | 61                  |                     |
NUMBER_PUSHED_IN_BYTECODE| 0                | 65                  |                     |
Compilation done         |                  | 73                  |                     |
CMD_PUSHED_IN_BYTECODE   | 0x02             | 2                   |                     |
NUMBER_PUSHED_IN_BYTECODE| 0                | 3                   |                     |
CMD_PUSHED_IN_BYTECODE   | 0x02             | 13                  |                     |
NUMBER_PUSHED_IN_BYTECODE| 2180             | 14                  |                     |
LABEL_DETECTED           | main             | 0                   |                     |
NUMBER_PUSHED_IN_BYTECODE| 22               | 16                  |                     |
CMD_PUSHED_IN_BYTECODE   | 0x07             | 20                  |                     |
CMD_PUSHED_IN_BYTECODE   | 0x0F             | 21                  |                     |
LABEL_DETECTED           | main             | 0                   |                     |
CMD_PUSHED_IN_BYTECODE   | 0x06             | 22                  |                     |
CMD_PUSHED_IN_BYTECODE   | 0x02             | 25                  |                     |
NUMBER_PUSHED_IN_BYTECODE| 0                | 26                  |                     |
CMD_PUSHED_IN_BYTECODE   | 0x02             | 32                  |                     |
NUMBER_PUSHED_IN_BYTECODE| 0                | 33                  |                     |
CMD_PUSHED_IN_BYTECODE   | 0x19             | 37                  |                     |
NUMBER_PUSHED_IN_BYTECODE| 0                | 40                  |                     |
CMD_PUSHED_IN_BYTECODE   | 0x00             | 50                  |                     |
CMD_PUSHED_IN_BYTECODE   | 0x02             | 53                  |                     |
CMD_PUSHED_IN_BYTECODE   | 0x00             | 56                  |                     |
CMD_PUSHED_IN_BYTECODE   | 0x09             | 57                  |                     |
CMD_PUSHED_IN_BYTECODE   | 0x02             | 60                  |                     |
NUMBER_PUSHED_IN_BYTECODE| 0                | 61                  |                     |
NUMBER_PUSHED_IN_BYTECODE| 0                | 65                  |                     |
Compilation done         |                  | 73                  |                     |
COMP_TIME                | 593796           | 73                  |                     |
> closing logfile
